e:\c++\projects\manbil\manbil\debug\quaternion.obj
e:\c++\projects\manbil\manbil\debug\renderingstate.obj
e:\c++\projects\manbil\manbil\debug\rendertarget.obj
e:\c++\projects\manbil\manbil\debug\screenclearer.obj
e:\c++\projects\manbil\manbil\debug\sfmlopenglworld.obj
e:\c++\projects\manbil\manbil\debug\sfmlworld.obj
e:\c++\projects\manbil\manbil\debug\shaderhandler.obj
e:\c++\projects\manbil\manbil\debug\terrain.obj
e:\c++\projects\manbil\manbil\debug\terrainwalkcamera.obj
e:\c++\projects\manbil\manbil\debug\terrainworld.obj
e:\c++\projects\manbil\manbil\debug\texturesettings.obj
e:\c++\projects\manbil\manbil\debug\threedshapes.obj
e:\c++\projects\manbil\manbil\debug\transformobject.obj
e:\c++\projects\manbil\manbil\debug\twotrianglesmaterial.obj
e:\c++\projects\manbil\manbil\debug\twotrianglesworld.obj
e:\c++\projects\manbil\manbil\debug\value2d.obj
e:\c++\projects\manbil\manbil\debug\vectors.obj
e:\c++\projects\manbil\manbil\debug\vertex.obj
e:\c++\projects\manbil\manbil\debug\vertices.obj
e:\c++\projects\manbil\manbil\debug\worley.obj
e:\c++\projects\manbil\manbil\debug\mgamematerialmanager.obj
e:\c++\projects\manbil\manbil\debug\perlin.obj
e:\c++\projects\manbil\manbil\debug\renderdatahandler.obj
e:\c++\projects\manbil\manbil\debug\interpolator.obj
e:\c++\projects\manbil\manbil\debug\interval.obj
e:\c++\projects\manbil\manbil\debug\layeredoctave.obj
e:\c++\projects\manbil\manbil\debug\lighting.obj
e:\c++\projects\manbil\manbil\debug\main.obj
e:\c++\projects\manbil\manbil\debug\material.obj
e:\c++\projects\manbil\manbil\debug\matrix4f.obj
e:\c++\projects\manbil\manbil\debug\mesh.obj
e:\c++\projects\manbil\manbil\debug\mgame.obj
e:\c++\projects\manbil\manbil\debug\movingcamera.obj
e:\c++\projects\manbil\manbil\debug\noisecombinations.obj
e:\c++\projects\manbil\manbil\debug\noisefilterer.obj
e:\c++\projects\manbil\manbil\debug\noisefilterregion.obj
e:\c++\projects\manbil\manbil\debug\noisetest.obj
e:\c++\projects\manbil\manbil\debug\noisetotexture.obj
e:\c++\projects\manbil\manbil\debug\openglincludes.obj
e:\c++\projects\manbil\manbil\debug\opengltestworld.obj
e:\c++\projects\manbil\manbil\debug\basicgenerators.obj
e:\c++\projects\manbil\manbil\debug\basicmath.obj
e:\c++\projects\manbil\manbil\debug\basicmcomponentfactories.obj
e:\c++\projects\manbil\manbil\debug\basicmcomponents.obj
e:\c++\projects\manbil\manbil\debug\cachedfunc.obj
e:\c++\projects\manbil\manbil\debug\camera.obj
e:\c++\projects\manbil\manbil\debug\colorgradient.obj
e:\c++\projects\manbil\manbil\debug\colornode.obj
e:\c++\projects\manbil\manbil\debug\boxes.obj
e:\c++\projects\manbil\manbil\debug\diamondsquare.obj
e:\c++\projects\manbil\manbil\debug\fastrand.obj
e:\c++\projects\manbil\manbil\debug\foliage.obj
e:\c++\projects\manbil\manbil\debug\generaloculus.obj
e:\c++\projects\manbil\manbil\debug\geometricmath.obj
e:\c++\projects\manbil\manbil\debug\materials.obj
e:\c++\projects\manbil\manbil\debug\vc110.pdb
e:\c++\projects\manbil\debug\manbil.ilk
e:\c++\projects\manbil\debug\manbil.exe
e:\c++\projects\manbil\debug\manbil.pdb
e:\c++\projects\manbil\manbil\debug\vc120.pdb
e:\c++\projects\manbil\manbil\debug\vc120.idb
e:\c++\projects\manbil\manbil\debug\tinyxml2.obj
e:\c++\projects\manbil\manbil\debug\compositevector2inputs.obj
e:\c++\projects\manbil\manbil\debug\dataserializer.obj
e:\c++\projects\manbil\manbil\debug\mousedeltavector2input.obj
e:\c++\projects\manbil\manbil\debug\cl.command.1.tlog
e:\c++\projects\manbil\manbil\debug\cl.read.1.tlog
e:\c++\projects\manbil\manbil\debug\cl.write.1.tlog
e:\c++\projects\manbil\manbil\debug\link-cvtres.read.1.tlog
e:\c++\projects\manbil\manbil\debug\link-cvtres.write.1.tlog
e:\c++\projects\manbil\manbil\debug\link-rc.read.1.tlog
e:\c++\projects\manbil\manbil\debug\link-rc.write.1.tlog
e:\c++\projects\manbil\manbil\debug\link.11456-cvtres.read.1.tlog
e:\c++\projects\manbil\manbil\debug\link.11456-cvtres.write.1.tlog
e:\c++\projects\manbil\manbil\debug\link.11456-rc.read.1.tlog
e:\c++\projects\manbil\manbil\debug\link.11456-rc.write.1.tlog
e:\c++\projects\manbil\manbil\debug\link.11456.read.1.tlog
e:\c++\projects\manbil\manbil\debug\link.11456.write.1.tlog
e:\c++\projects\manbil\manbil\debug\link.command.1.tlog
e:\c++\projects\manbil\manbil\debug\link.read.1.tlog
e:\c++\projects\manbil\manbil\debug\link.write.1.tlog
e:\c++\projects\manbil\manbil\debug\vc110.idb
e:\c++\projects\manbil\manbil\debug\manbil.tlog\cl.command.1.tlog
e:\c++\projects\manbil\manbil\debug\manbil.tlog\cl.read.1.tlog
e:\c++\projects\manbil\manbil\debug\manbil.tlog\cl.write.1.tlog
e:\c++\projects\manbil\manbil\debug\manbil.tlog\link.command.1.tlog
e:\c++\projects\manbil\manbil\debug\manbil.tlog\link.read.1.tlog
e:\c++\projects\manbil\manbil\debug\manbil.tlog\link.write.1.tlog
